<?xml version="1.0" encoding="UTF-8" standalone="no"?>
<testsuite errors="0" failures="0" name="io.cucumber.core.plugin.JUnitFormatter" skipped="0" tests="1" time="0.663">
    <testcase classname="Login Action" name="Verify Login with valid data" time="0.12">
        <system-out><![CDATA[Given when user is on home page.............................................passed
Then user clicks on signin link check title.................................passed
When user enters user name and password clicks on submit....................passed
Then check user is valid and display message as Login Successful............passed
And Close the Browser.......................................................passed
]]></system-out>
    </testcase>
</testsuite>
